
> Configure project :app
WARNING: The option setting 'android.overridePathCheck=true' is experimental.
The current default is 'false'.
Checking the license for package Android SDK Build-Tools 33.0.1 in /usr/local/lib/android/sdk/licenses
License for package Android SDK Build-Tools 33.0.1 accepted.
Preparing "Install Android SDK Build-Tools 33.0.1 v.33.0.1".
"Install Android SDK Build-Tools 33.0.1 v.33.0.1" ready.
Installing Android SDK Build-Tools 33.0.1 in /usr/local/lib/android/sdk/build-tools/33.0.1
"Install Android SDK Build-Tools 33.0.1 v.33.0.1" complete.
"Install Android SDK Build-Tools 33.0.1 v.33.0.1" finished.

> Task :app:clean UP-TO-DATE
> Task :app:applyRuntimeUiPatches
> Task :app:applyReaderBookmarkAndContinuousScrollFixes
> Task :app:applyReaderPagedSearch
> Task :app:hideBookshelfFormatLabels
> Task :app:sanitizeReaderScrollResources
> Task :app:preBuild
> Task :app:preDebugBuild
> Task :app:generateDebugResValues
> Task :app:checkDebugAarMetadata
> Task :app:mapDebugSourceSetPaths
> Task :app:generateDebugResources
> Task :app:packageDebugResources
> Task :app:createDebugCompatibleScreenManifests
> Task :app:extractDeepLinksDebug
> Task :app:parseDebugLocalResources
> Task :app:mergeDebugResources
> Task :app:processDebugMainManifest
> Task :app:processDebugManifest
> Task :app:preDebugUnitTestBuild
> Task :app:javaPreCompileDebug
> Task :app:javaPreCompileDebugUnitTest
> Task :app:mergeDebugShaders
> Task :app:compileDebugShaders NO-SOURCE
> Task :app:generateDebugAssets UP-TO-DATE
> Task :app:mergeDebugAssets
> Task :app:buildKotlinToolingMetadata
> Task :app:preReleaseBuild
> Task :app:generateReleaseResValues
> Task :app:checkReleaseAarMetadata
> Task :app:mapReleaseSourceSetPaths
> Task :app:generateReleaseResources
> Task :app:packageReleaseResources
> Task :app:createReleaseCompatibleScreenManifests
> Task :app:extractDeepLinksRelease
> Task :app:parseReleaseLocalResources
> Task :app:processReleaseMainManifest
> Task :app:processDebugManifestForPackage
> Task :app:processReleaseManifest
> Task :app:processReleaseManifestForPackage
> Task :app:preReleaseUnitTestBuild
> Task :app:javaPreCompileRelease
> Task :app:javaPreCompileReleaseUnitTest
> Task :app:mergeReleaseShaders
> Task :app:mergeReleaseResources
> Task :app:compileReleaseShaders NO-SOURCE
> Task :app:generateReleaseAssets UP-TO-DATE
> Task :app:mergeReleaseAssets
> Task :app:mergeDebugNativeDebugMetadata NO-SOURCE
> Task :app:desugarDebugFileDependencies
> Task :app:compressDebugAssets
> Task :app:mergeDebugJniLibFolders
> Task :app:checkDebugDuplicateClasses
> Task :app:mergeDebugNativeLibs NO-SOURCE
> Task :app:mergeLibDexDebug
> Task :app:stripDebugDebugSymbols NO-SOURCE
> Task :app:processDebugResources
> Task :app:processReleaseResources
> Task :app:validateSigningDebug
> Task :app:packageDebugUnitTestForUnitTest
> Task :app:generateDebugUnitTestConfig
> Task :app:packageReleaseUnitTestForUnitTest
> Task :app:generateReleaseUnitTestConfig
> Task :app:writeDebugAppMetadata
> Task :app:writeDebugSigningConfigVersions
> Task :app:mergeExtDexDebug
> Task :app:extractProguardFiles
> Task :app:mergeReleaseJniLibFolders
> Task :app:mergeReleaseNativeLibs NO-SOURCE
> Task :app:stripReleaseDebugSymbols NO-SOURCE
> Task :app:extractReleaseNativeSymbolTables NO-SOURCE
> Task :app:mergeReleaseNativeDebugMetadata NO-SOURCE
> Task :app:checkReleaseDuplicateClasses
> Task :app:mergeReleaseArtProfile
> Task :app:compressReleaseAssets
> Task :app:processApplicationManifestReleaseForBundle
> Task :app:collectReleaseDependencies
> Task :app:sdkReleaseDependencyData
> Task :app:writeReleaseAppMetadata
> Task :app:writeReleaseSigningConfigVersions
> Task :app:bundleReleaseResources
> Task :app:kaptGenerateStubsReleaseKotlin
> Task :app:kaptGenerateStubsDebugKotlin
> Task :app:kaptDebugKotlin
> Task :app:kaptReleaseKotlin

> Task :app:compileDebugKotlin
w: file:///home/runner/work/simplereader-public/simplereader-public/app/src/main/java/com/simplereader/app/parser/TxtParser.kt:180:24 Variable 'nextByte' initializer is redundant
w: file:///home/runner/work/simplereader-public/simplereader-public/app/src/main/java/com/simplereader/app/ui/MainActivity.kt:298:48 Parameter 'format' is never used
w: file:///home/runner/work/simplereader-public/simplereader-public/app/src/main/java/com/simplereader/app/ui/MainActivity.kt:774:52 Parameter 'groupBooks' is never used
w: file:///home/runner/work/simplereader-public/simplereader-public/app/src/main/java/com/simplereader/app/ui/ReaderActivity.kt:732:15 Unnecessary safe call on a non-null receiver of type AlertDialog?
w: file:///home/runner/work/simplereader-public/simplereader-public/app/src/main/java/com/simplereader/app/ui/ReaderActivity.kt:733:15 Unnecessary safe call on a non-null receiver of type AlertDialog?

> Task :app:compileReleaseKotlin
w: file:///home/runner/work/simplereader-public/simplereader-public/app/src/main/java/com/simplereader/app/parser/TxtParser.kt:180:24 Variable 'nextByte' initializer is redundant
w: file:///home/runner/work/simplereader-public/simplereader-public/app/src/main/java/com/simplereader/app/ui/MainActivity.kt:298:48 Parameter 'format' is never used
w: file:///home/runner/work/simplereader-public/simplereader-public/app/src/main/java/com/simplereader/app/ui/MainActivity.kt:774:52 Parameter 'groupBooks' is never used
w: file:///home/runner/work/simplereader-public/simplereader-public/app/src/main/java/com/simplereader/app/ui/ReaderActivity.kt:732:15 Unnecessary safe call on a non-null receiver of type AlertDialog?
w: file:///home/runner/work/simplereader-public/simplereader-public/app/src/main/java/com/simplereader/app/ui/ReaderActivity.kt:733:15 Unnecessary safe call on a non-null receiver of type AlertDialog?

> Task :app:compileDebugJavaWithJavac
> Task :app:bundleDebugClassesToRuntimeJar
> Task :app:bundleDebugClassesToCompileJar
> Task :app:processDebugJavaRes
> Task :app:kaptGenerateStubsDebugUnitTestKotlin
> Task :app:compileReleaseJavaWithJavac
> Task :app:kaptDebugUnitTestKotlin
> Task :app:bundleReleaseClassesToRuntimeJar
> Task :app:processReleaseJavaRes
> Task :app:bundleReleaseClassesToCompileJar

> Task :app:compileDebugUnitTestKotlin
w: file:///home/runner/work/simplereader-public/simplereader-public/app/src/test/java/com/simplereader/app/ui/StableWorkflowContractTest.kt:37:24 Type mismatch: inferred type is String? but String was expected

> Task :app:dexBuilderDebug
> Task :app:compileDebugUnitTestJavaWithJavac NO-SOURCE
> Task :app:processDebugUnitTestJavaRes
> Task :app:testDebugUnitTest
> Task :app:mergeDebugGlobalSynthetics
> Task :app:kaptGenerateStubsReleaseUnitTestKotlin
> Task :app:mergeProjectDexDebug
> Task :app:mergeDebugJavaResource
> Task :app:kaptReleaseUnitTestKotlin
> Task :app:mergeReleaseGeneratedProguardFiles
> Task :app:mergeReleaseJavaResource

> Task :app:compileReleaseUnitTestKotlin
w: file:///home/runner/work/simplereader-public/simplereader-public/app/src/test/java/com/simplereader/app/ui/StableWorkflowContractTest.kt:37:24 Type mismatch: inferred type is String? but String was expected

> Task :app:compileReleaseUnitTestJavaWithJavac NO-SOURCE
> Task :app:processReleaseUnitTestJavaRes
> Task :app:testReleaseUnitTest
> Task :app:packageDebug
> Task :app:createDebugApkListingFileRedirect
> Task :app:assembleDebug
> Task :app:lintVitalAnalyzeRelease
> Task :app:minifyReleaseWithR8
> Task :app:lintVitalReportRelease
> Task :app:lintVitalRelease
> Task :app:compileReleaseArtProfile
> Task :app:shrinkReleaseRes
> Task :app:optimizeReleaseResources
> Task :app:packageRelease
> Task :app:createReleaseApkListingFileRedirect
> Task :app:assembleRelease
gradle/actions: Writing build results to /home/runner/work/_temp/.gradle-actions/build-results/__run_3-1784711879112.json

BUILD SUCCESSFUL in 2m 51s
104 actionable tasks: 103 executed, 1 up-to-date
